Vivado Simulator 2020.1
Copyright 1986-1999, 2001-2020 Xilinx, Inc. All Rights Reserved.
Running: D:/vivado/Vivado/2020.1/bin/unwrapped/win64.o/xelab.exe -wto 08f611661ed14f709be674cdd119019f --incr --debug typical --relax --mt 2 -L xil_defaultlib -L unisims_ver -L unimacro_ver -L secureip --snapshot tb_TicTacToe_behav xil_defaultlib.tb_TicTacToe xil_defaultlib.glbl -log elaborate.log 
Using 2 slave threads.
Starting static elaboration
Pass Through NonSizing Optimizer
Completed static elaboration
Starting simulation data flow analysis
Completed simulation data flow analysis
Time Resolution for simulation is 1ps
Compiling module xil_defaultlib.position_registers
Compiling module xil_defaultlib.winner_detect_3
Compiling module xil_defaultlib.winner_detector
Compiling module xil_defaultlib.position_decoder
Compiling module xil_defaultlib.illegal_move_detector
Compiling module xil_defaultlib.nospace_detector
Compiling module xil_defaultlib.fsm_controller
Compiling module xil_defaultlib.tictactoe
Compiling module xil_defaultlib.tb_TicTacToe
Compiling module xil_defaultlib.glbl
Built simulation snapshot tb_TicTacToe_behav
