
*** Running vivado
    with args -log top.vdi -applog -m64 -product Vivado -messageDb vivado.pb -mode batch -source top.tcl -notrace



****** Vivado v2020.1 (64-bit)
  **** SW Build 2902540 on Wed May 27 19:54:49 MDT 2020
  **** IP Build 2902112 on Wed May 27 22:43:36 MDT 2020
    ** Copyright 1986-2020 Xilinx, Inc. All Rights Reserved.

source top.tcl -notrace
Command: link_design -top top -part xc7a35tcpg236-1
Design is defaulting to srcset: sources_1
Design is defaulting to constrset: constrs_1
INFO: [Device 21-403] Loading part xc7a35tcpg236-1
Netlist sorting complete. Time (s): cpu = 00:00:00 ; elapsed = 00:00:00.004 . Memory (MB): peak = 1013.074 ; gain = 0.000
INFO: [Project 1-479] Netlist was created with Vivado 2020.1
INFO: [Project 1-570] Preparing netlist for logic optimization
Parsing XDC File [D:/uni/OneDrive - Habib University/Student shiz/DLD/DLD project/DLD project.srcs/constrs_1/new/chaljapls.xdc]
WARNING: [Vivado 12-584] No ports matched 'who[1]'. [D:/uni/OneDrive - Habib University/Student shiz/DLD/DLD project/DLD project.srcs/constrs_1/new/chaljapls.xdc:33]
CRITICAL WARNING: [Common 17-55] 'set_property' expects at least one object. [D:/uni/OneDrive - Habib University/Student shiz/DLD/DLD project/DLD project.srcs/constrs_1/new/chaljapls.xdc:33]
Resolution: If [get_<value>] was used to populate the object, check to make sure this command returns at least one valid object.
WARNING: [Vivado 12-584] No ports matched 'who[0]'. [D:/uni/OneDrive - Habib University/Student shiz/DLD/DLD project/DLD project.srcs/constrs_1/new/chaljapls.xdc:34]
CRITICAL WARNING: [Common 17-55] 'set_property' expects at least one object. [D:/uni/OneDrive - Habib University/Student shiz/DLD/DLD project/DLD project.srcs/constrs_1/new/chaljapls.xdc:34]
Resolution: If [get_<value>] was used to populate the object, check to make sure this command returns at least one valid object.
WARNING: [Vivado 12-584] No ports matched 'play1'. [D:/uni/OneDrive - Habib University/Student shiz/DLD/DLD project/DLD project.srcs/constrs_1/new/chaljapls.xdc:37]
CRITICAL WARNING: [Common 17-55] 'set_property' expects at least one object. [D:/uni/OneDrive - Habib University/Student shiz/DLD/DLD project/DLD project.srcs/constrs_1/new/chaljapls.xdc:37]
Resolution: If [get_<value>] was used to populate the object, check to make sure this command returns at least one valid object.
WARNING: [Vivado 12-584] No ports matched 'play2'. [D:/uni/OneDrive - Habib University/Student shiz/DLD/DLD project/DLD project.srcs/constrs_1/new/chaljapls.xdc:38]
CRITICAL WARNING: [Common 17-55] 'set_property' expects at least one object. [D:/uni/OneDrive - Habib University/Student shiz/DLD/DLD project/DLD project.srcs/constrs_1/new/chaljapls.xdc:38]
Resolution: If [get_<value>] was used to populate the object, check to make sure this command returns at least one valid object.
WARNING: [Vivado 12-584] No ports matched 'who[0]'. [D:/uni/OneDrive - Habib University/Student shiz/DLD/DLD project/DLD project.srcs/constrs_1/new/chaljapls.xdc:44]
CRITICAL WARNING: [Common 17-55] 'set_property' expects at least one object. [D:/uni/OneDrive - Habib University/Student shiz/DLD/DLD project/DLD project.srcs/constrs_1/new/chaljapls.xdc:44]
Resolution: If [get_<value>] was used to populate the object, check to make sure this command returns at least one valid object.
WARNING: [Vivado 12-584] No ports matched 'who[1]'. [D:/uni/OneDrive - Habib University/Student shiz/DLD/DLD project/DLD project.srcs/constrs_1/new/chaljapls.xdc:45]
CRITICAL WARNING: [Common 17-55] 'set_property' expects at least one object. [D:/uni/OneDrive - Habib University/Student shiz/DLD/DLD project/DLD project.srcs/constrs_1/new/chaljapls.xdc:45]
Resolution: If [get_<value>] was used to populate the object, check to make sure this command returns at least one valid object.
WARNING: [Vivado 12-584] No ports matched 'play1'. [D:/uni/OneDrive - Habib University/Student shiz/DLD/DLD project/DLD project.srcs/constrs_1/new/chaljapls.xdc:48]
CRITICAL WARNING: [Common 17-55] 'set_property' expects at least one object. [D:/uni/OneDrive - Habib University/Student shiz/DLD/DLD project/DLD project.srcs/constrs_1/new/chaljapls.xdc:48]
Resolution: If [get_<value>] was used to populate the object, check to make sure this command returns at least one valid object.
WARNING: [Vivado 12-584] No ports matched 'play2'. [D:/uni/OneDrive - Habib University/Student shiz/DLD/DLD project/DLD project.srcs/constrs_1/new/chaljapls.xdc:49]
CRITICAL WARNING: [Common 17-55] 'set_property' expects at least one object. [D:/uni/OneDrive - Habib University/Student shiz/DLD/DLD project/DLD project.srcs/constrs_1/new/chaljapls.xdc:49]
Resolution: If [get_<value>] was used to populate the object, check to make sure this command returns at least one valid object.
WARNING: [Vivado 12-584] No ports matched 'pos[1]'. [D:/uni/OneDrive - Habib University/Student shiz/DLD/DLD project/DLD project.srcs/constrs_1/new/chaljapls.xdc:55]
CRITICAL WARNING: [Common 17-55] 'set_property' expects at least one object. [D:/uni/OneDrive - Habib University/Student shiz/DLD/DLD project/DLD project.srcs/constrs_1/new/chaljapls.xdc:55]
Resolution: If [get_<value>] was used to populate the object, check to make sure this command returns at least one valid object.
WARNING: [Vivado 12-584] No ports matched 'pos[0]'. [D:/uni/OneDrive - Habib University/Student shiz/DLD/DLD project/DLD project.srcs/constrs_1/new/chaljapls.xdc:56]
CRITICAL WARNING: [Common 17-55] 'set_property' expects at least one object. [D:/uni/OneDrive - Habib University/Student shiz/DLD/DLD project/DLD project.srcs/constrs_1/new/chaljapls.xdc:56]
Resolution: If [get_<value>] was used to populate the object, check to make sure this command returns at least one valid object.
WARNING: [Vivado 12-584] No ports matched 'pos[1]'. [D:/uni/OneDrive - Habib University/Student shiz/DLD/DLD project/DLD project.srcs/constrs_1/new/chaljapls.xdc:57]
CRITICAL WARNING: [Common 17-55] 'set_property' expects at least one object. [D:/uni/OneDrive - Habib University/Student shiz/DLD/DLD project/DLD project.srcs/constrs_1/new/chaljapls.xdc:57]
Resolution: If [get_<value>] was used to populate the object, check to make sure this command returns at least one valid object.
WARNING: [Vivado 12-584] No ports matched 'pos[0]'. [D:/uni/OneDrive - Habib University/Student shiz/DLD/DLD project/DLD project.srcs/constrs_1/new/chaljapls.xdc:58]
CRITICAL WARNING: [Common 17-55] 'set_property' expects at least one object. [D:/uni/OneDrive - Habib University/Student shiz/DLD/DLD project/DLD project.srcs/constrs_1/new/chaljapls.xdc:58]
Resolution: If [get_<value>] was used to populate the object, check to make sure this command returns at least one valid object.
Finished Parsing XDC File [D:/uni/OneDrive - Habib University/Student shiz/DLD/DLD project/DLD project.srcs/constrs_1/new/chaljapls.xdc]
INFO: [Opt 31-138] Pushed 0 inverter(s) to 0 load pin(s).
Netlist sorting complete. Time (s): cpu = 00:00:00 ; elapsed = 00:00:00.001 . Memory (MB): peak = 1013.074 ; gain = 0.000
INFO: [Project 1-111] Unisim Transformation Summary:
No Unisim elements were transformed.

5 Infos, 12 Warnings, 12 Critical Warnings and 0 Errors encountered.
link_design completed successfully
link_design: Time (s): cpu = 00:00:10 ; elapsed = 00:00:12 . Memory (MB): peak = 1013.074 ; gain = 0.000
Command: opt_design
Attempting to get a license for feature 'Implementation' and/or device 'xc7a35t'
INFO: [Common 17-349] Got license for feature 'Implementation' and/or device 'xc7a35t'
Running DRC as a precondition to command opt_design

Starting DRC Task
INFO: [DRC 23-27] Running DRC with 2 threads
INFO: [Project 1-461] DRC finished with 0 Errors
INFO: [Project 1-462] Please refer to the DRC report (report_drc) for more information.

Time (s): cpu = 00:00:04 ; elapsed = 00:00:02 . Memory (MB): peak = 1013.074 ; gain = 0.000

Starting Cache Timing Information Task
INFO: [Timing 38-35] Done setting XDC timing constraints.
Ending Cache Timing Information Task | Checksum: 171cf3a6b

Time (s): cpu = 00:00:14 ; elapsed = 00:00:16 . Memory (MB): peak = 1234.887 ; gain = 221.812

Starting Logic Optimization Task

Phase 1 Retarget
INFO: [Opt 31-138] Pushed 0 inverter(s) to 0 load pin(s).
INFO: [Opt 31-49] Retargeted 0 cell(s).
Phase 1 Retarget | Checksum: 171cf3a6b

Time (s): cpu = 00:00:00 ; elapsed = 00:00:00.066 . Memory (MB): peak = 1435.523 ; gain = 0.000
INFO: [Opt 31-389] Phase Retarget created 0 cells and removed 0 cells

Phase 2 Constant propagation
INFO: [Opt 31-138] Pushed 0 inverter(s) to 0 load pin(s).
Phase 2 Constant propagation | Checksum: 171cf3a6b

Time (s): cpu = 00:00:00 ; elapsed = 00:00:00.074 . Memory (MB): peak = 1435.523 ; gain = 0.000
INFO: [Opt 31-389] Phase Constant propagation created 0 cells and removed 0 cells

Phase 3 Sweep
Phase 3 Sweep | Checksum: 14a8f5b99

Time (s): cpu = 00:00:00 ; elapsed = 00:00:00.101 . Memory (MB): peak = 1435.523 ; gain = 0.000
INFO: [Opt 31-389] Phase Sweep created 9 cells and removed 0 cells

Phase 4 BUFG optimization
Phase 4 BUFG optimization | Checksum: 14a8f5b99

Time (s): cpu = 00:00:00 ; elapsed = 00:00:00.117 . Memory (MB): peak = 1435.523 ; gain = 0.000
INFO: [Opt 31-662] Phase BUFG optimization created 0 cells of which 0 are BUFGs and removed 0 cells.

Phase 5 Shift Register Optimization
INFO: [Opt 31-1064] SRL Remap converted 0 SRLs to 0 registers and converted 0 registers of register chains to 0 SRLs
Phase 5 Shift Register Optimization | Checksum: 14a8f5b99

Time (s): cpu = 00:00:00 ; elapsed = 00:00:00.124 . Memory (MB): peak = 1435.523 ; gain = 0.000
INFO: [Opt 31-389] Phase Shift Register Optimization created 0 cells and removed 0 cells

Phase 6 Post Processing Netlist
Phase 6 Post Processing Netlist | Checksum: 1691100d8

Time (s): cpu = 00:00:00 ; elapsed = 00:00:00.130 . Memory (MB): peak = 1435.523 ; gain = 0.000
INFO: [Opt 31-389] Phase Post Processing Netlist created 0 cells and removed 0 cells
Opt_design Change Summary
=========================


-------------------------------------------------------------------------------------------------------------------------
|  Phase                        |  #Cells created  |  #Cells Removed  |  #Constrained objects preventing optimizations  |
-------------------------------------------------------------------------------------------------------------------------
|  Retarget                     |               0  |               0  |                                              0  |
|  Constant propagation         |               0  |               0  |                                              0  |
|  Sweep                        |               9  |               0  |                                              0  |
|  BUFG optimization            |               0  |               0  |                                              0  |
|  Shift Register Optimization  |               0  |               0  |                                              0  |
|  Post Processing Netlist      |               0  |               0  |                                              0  |
-------------------------------------------------------------------------------------------------------------------------



Starting Connectivity Check Task

Time (s): cpu = 00:00:00 ; elapsed = 00:00:00.001 . Memory (MB): peak = 1435.523 ; gain = 0.000
Ending Logic Optimization Task | Checksum: 1e68ba8b2

Time (s): cpu = 00:00:00 ; elapsed = 00:00:00.138 . Memory (MB): peak = 1435.523 ; gain = 0.000

Starting Power Optimization Task
INFO: [Pwropt 34-132] Skipping clock gating for clocks with a period < 2.00 ns.
Ending Power Optimization Task | Checksum: 1e68ba8b2

Time (s): cpu = 00:00:00 ; elapsed = 00:00:00.019 . Memory (MB): peak = 1435.523 ; gain = 0.000

Starting Final Cleanup Task
Ending Final Cleanup Task | Checksum: 1e68ba8b2

Time (s): cpu = 00:00:00 ; elapsed = 00:00:00 . Memory (MB): peak = 1435.523 ; gain = 0.000

Starting Netlist Obfuscation Task
Netlist sorting complete. Time (s): cpu = 00:00:00 ; elapsed = 00:00:00.001 . Memory (MB): peak = 1435.523 ; gain = 0.000
Ending Netlist Obfuscation Task | Checksum: 1e68ba8b2

Time (s): cpu = 00:00:00 ; elapsed = 00:00:00.001 . Memory (MB): peak = 1435.523 ; gain = 0.000
INFO: [Common 17-83] Releasing license: Implementation
22 Infos, 12 Warnings, 12 Critical Warnings and 0 Errors encountered.
opt_design completed successfully
opt_design: Time (s): cpu = 00:00:22 ; elapsed = 00:00:23 . Memory (MB): peak = 1435.523 ; gain = 422.449
INFO: [Timing 38-480] Writing timing data to binary archive.
Writing placer database...
Writing XDEF routing.
Writing XDEF routing logical nets.
Writing XDEF routing special nets.
Write XDEF Complete: Time (s): cpu = 00:00:00 ; elapsed = 00:00:00.094 . Memory (MB): peak = 1435.523 ; gain = 0.000
INFO: [Common 17-1381] The checkpoint 'D:/uni/OneDrive - Habib University/Student shiz/DLD/DLD project/DLD project.runs/impl_1/top_opt.dcp' has been generated.
INFO: [runtcl-4] Executing : report_drc -file top_drc_opted.rpt -pb top_drc_opted.pb -rpx top_drc_opted.rpx
Command: report_drc -file top_drc_opted.rpt -pb top_drc_opted.pb -rpx top_drc_opted.rpx
INFO: [IP_Flow 19-234] Refreshing IP repositories
INFO: [IP_Flow 19-1704] No user IP repositories specified
INFO: [IP_Flow 19-2313] Loaded Vivado IP repository 'D:/vivado/Vivado/2020.1/data/ip'.
INFO: [DRC 23-27] Running DRC with 2 threads
INFO: [Coretcl 2-168] The results of DRC are in file D:/uni/OneDrive - Habib University/Student shiz/DLD/DLD project/DLD project.runs/impl_1/top_drc_opted.rpt.
report_drc completed successfully
Command: place_design
Attempting to get a license for feature 'Implementation' and/or device 'xc7a35t'
INFO: [Common 17-349] Got license for feature 'Implementation' and/or device 'xc7a35t'
INFO: [DRC 23-27] Running DRC with 2 threads
INFO: [Vivado_Tcl 4-198] DRC finished with 0 Errors
INFO: [Vivado_Tcl 4-199] Please refer to the DRC report (report_drc) for more information.
Running DRC as a precondition to command place_design
INFO: [DRC 23-27] Running DRC with 2 threads
INFO: [Vivado_Tcl 4-198] DRC finished with 0 Errors
INFO: [Vivado_Tcl 4-199] Please refer to the DRC report (report_drc) for more information.

Starting Placer Task
INFO: [Place 30-611] Multithreading enabled for place_design using a maximum of 2 CPUs

Phase 1 Placer Initialization

Phase 1.1 Placer Initialization Netlist Sorting
Netlist sorting complete. Time (s): cpu = 00:00:00 ; elapsed = 00:00:00 . Memory (MB): peak = 1435.523 ; gain = 0.000
Phase 1.1 Placer Initialization Netlist Sorting | Checksum: 111c0a3aa

Time (s): cpu = 00:00:00 ; elapsed = 00:00:00.015 . Memory (MB): peak = 1435.523 ; gain = 0.000
Netlist sorting complete. Time (s): cpu = 00:00:00 ; elapsed = 00:00:00 . Memory (MB): peak = 1435.523 ; gain = 0.000

Phase 1.2 IO Placement/ Clock Placement/ Build Placer Device
INFO: [Timing 38-35] Done setting XDC timing constraints.
Phase 1.2 IO Placement/ Clock Placement/ Build Placer Device | Checksum: 3a2d96dd

Time (s): cpu = 00:00:02 ; elapsed = 00:00:01 . Memory (MB): peak = 1435.523 ; gain = 0.000

Phase 1.3 Build Placer Netlist Model
Phase 1.3 Build Placer Netlist Model | Checksum: 1168d6ade

Time (s): cpu = 00:00:02 ; elapsed = 00:00:01 . Memory (MB): peak = 1435.523 ; gain = 0.000

Phase 1.4 Constrain Clocks/Macros
Phase 1.4 Constrain Clocks/Macros | Checksum: 1168d6ade

Time (s): cpu = 00:00:02 ; elapsed = 00:00:01 . Memory (MB): peak = 1435.523 ; gain = 0.000
Phase 1 Placer Initialization | Checksum: 1168d6ade

Time (s): cpu = 00:00:02 ; elapsed = 00:00:01 . Memory (MB): peak = 1435.523 ; gain = 0.000

Phase 2 Global Placement

Phase 2.1 Floorplanning
Phase 2.1 Floorplanning | Checksum: 1168d6ade

Time (s): cpu = 00:00:02 ; elapsed = 00:00:01 . Memory (MB): peak = 1435.523 ; gain = 0.000

Phase 2.2 Global Placement Core
WARNING: [Place 46-29] place_design is not in timing mode. Skip physical synthesis in placer
Phase 2.2 Global Placement Core | Checksum: e90dab3f

Time (s): cpu = 00:00:05 ; elapsed = 00:00:03 . Memory (MB): peak = 1435.523 ; gain = 0.000
Phase 2 Global Placement | Checksum: e90dab3f

Time (s): cpu = 00:00:05 ; elapsed = 00:00:03 . Memory (MB): peak = 1435.523 ; gain = 0.000

Phase 3 Detail Placement

Phase 3.1 Commit Multi Column Macros
Phase 3.1 Commit Multi Column Macros | Checksum: e90dab3f

Time (s): cpu = 00:00:05 ; elapsed = 00:00:03 . Memory (MB): peak = 1435.523 ; gain = 0.000

Phase 3.2 Commit Most Macros & LUTRAMs
Phase 3.2 Commit Most Macros & LUTRAMs | Checksum: 123bd24db

Time (s): cpu = 00:00:05 ; elapsed = 00:00:03 . Memory (MB): peak = 1435.523 ; gain = 0.000

Phase 3.3 Area Swap Optimization
Phase 3.3 Area Swap Optimization | Checksum: 93b3ac06

Time (s): cpu = 00:00:06 ; elapsed = 00:00:03 . Memory (MB): peak = 1435.523 ; gain = 0.000

Phase 3.4 Pipeline Register Optimization
Phase 3.4 Pipeline Register Optimization | Checksum: 93b3ac06

Time (s): cpu = 00:00:06 ; elapsed = 00:00:03 . Memory (MB): peak = 1435.523 ; gain = 0.000

Phase 3.5 Small Shape Detail Placement
Phase 3.5 Small Shape Detail Placement | Checksum: 15915f9f2

Time (s): cpu = 00:00:06 ; elapsed = 00:00:03 . Memory (MB): peak = 1435.523 ; gain = 0.000

Phase 3.6 Re-assign LUT pins
Phase 3.6 Re-assign LUT pins | Checksum: 15915f9f2

Time (s): cpu = 00:00:06 ; elapsed = 00:00:03 . Memory (MB): peak = 1435.523 ; gain = 0.000

Phase 3.7 Pipeline Register Optimization
Phase 3.7 Pipeline Register Optimization | Checksum: 15915f9f2

Time (s): cpu = 00:00:06 ; elapsed = 00:00:03 . Memory (MB): peak = 1435.523 ; gain = 0.000
Phase 3 Detail Placement | Checksum: 15915f9f2

Time (s): cpu = 00:00:06 ; elapsed = 00:00:03 . Memory (MB): peak = 1435.523 ; gain = 0.000

Phase 4 Post Placement Optimization and Clean-Up

Phase 4.1 Post Commit Optimization
Phase 4.1 Post Commit Optimization | Checksum: 15915f9f2

Time (s): cpu = 00:00:06 ; elapsed = 00:00:03 . Memory (MB): peak = 1435.523 ; gain = 0.000

Phase 4.2 Post Placement Cleanup
Phase 4.2 Post Placement Cleanup | Checksum: 15915f9f2

Time (s): cpu = 00:00:06 ; elapsed = 00:00:03 . Memory (MB): peak = 1435.523 ; gain = 0.000

Phase 4.3 Placer Reporting
Phase 4.3 Placer Reporting | Checksum: 15915f9f2

Time (s): cpu = 00:00:06 ; elapsed = 00:00:03 . Memory (MB): peak = 1435.523 ; gain = 0.000

Phase 4.4 Final Placement Cleanup
Netlist sorting complete. Time (s): cpu = 00:00:00 ; elapsed = 00:00:00.001 . Memory (MB): peak = 1435.523 ; gain = 0.000
Phase 4.4 Final Placement Cleanup | Checksum: 152240b3b

Time (s): cpu = 00:00:06 ; elapsed = 00:00:03 . Memory (MB): peak = 1435.523 ; gain = 0.000
Phase 4 Post Placement Optimization and Clean-Up | Checksum: 152240b3b

Time (s): cpu = 00:00:06 ; elapsed = 00:00:03 . Memory (MB): peak = 1435.523 ; gain = 0.000
Ending Placer Task | Checksum: ef50d8b7

Time (s): cpu = 00:00:06 ; elapsed = 00:00:03 . Memory (MB): peak = 1435.523 ; gain = 0.000
INFO: [Common 17-83] Releasing license: Implementation
40 Infos, 13 Warnings, 12 Critical Warnings and 0 Errors encountered.
place_design completed successfully
place_design: Time (s): cpu = 00:00:08 ; elapsed = 00:00:05 . Memory (MB): peak = 1435.523 ; gain = 0.000
INFO: [Timing 38-480] Writing timing data to binary archive.
Writing placer database...
Writing XDEF routing.
Writing XDEF routing logical nets.
Writing XDEF routing special nets.
Write XDEF Complete: Time (s): cpu = 00:00:00 ; elapsed = 00:00:00.150 . Memory (MB): peak = 1437.094 ; gain = 1.570
INFO: [Common 17-1381] The checkpoint 'D:/uni/OneDrive - Habib University/Student shiz/DLD/DLD project/DLD project.runs/impl_1/top_placed.dcp' has been generated.
INFO: [runtcl-4] Executing : report_io -file top_io_placed.rpt
report_io: Time (s): cpu = 00:00:00 ; elapsed = 00:00:00.058 . Memory (MB): peak = 1437.094 ; gain = 0.000
INFO: [runtcl-4] Executing : report_utilization -file top_utilization_placed.rpt -pb top_utilization_placed.pb
INFO: [runtcl-4] Executing : report_control_sets -verbose -file top_control_sets_placed.rpt
report_control_sets: Time (s): cpu = 00:00:00 ; elapsed = 00:00:00.004 . Memory (MB): peak = 1437.094 ; gain = 0.000
Command: phys_opt_design
Attempting to get a license for feature 'Implementation' and/or device 'xc7a35t'
INFO: [Common 17-349] Got license for feature 'Implementation' and/or device 'xc7a35t'
INFO: [Vivado_Tcl 4-235] No timing constraint found. The netlist was not modified.
INFO: [Common 17-83] Releasing license: Implementation
48 Infos, 13 Warnings, 12 Critical Warnings and 0 Errors encountered.
phys_opt_design completed successfully
INFO: [Timing 38-480] Writing timing data to binary archive.
Writing placer database...
Writing XDEF routing.
Writing XDEF routing logical nets.
Writing XDEF routing special nets.
Write XDEF Complete: Time (s): cpu = 00:00:00 ; elapsed = 00:00:00.107 . Memory (MB): peak = 1469.461 ; gain = 17.953
INFO: [Common 17-1381] The checkpoint 'D:/uni/OneDrive - Habib University/Student shiz/DLD/DLD project/DLD project.runs/impl_1/top_physopt.dcp' has been generated.
Command: route_design
Attempting to get a license for feature 'Implementation' and/or device 'xc7a35t'
INFO: [Common 17-349] Got license for feature 'Implementation' and/or device 'xc7a35t'
Running DRC as a precondition to command route_design
INFO: [DRC 23-27] Running DRC with 2 threads
INFO: [Vivado_Tcl 4-198] DRC finished with 0 Errors
INFO: [Vivado_Tcl 4-199] Please refer to the DRC report (report_drc) for more information.


Starting Routing Task
INFO: [Route 35-254] Multithreading enabled for route_design using a maximum of 2 CPUs
Checksum: PlaceDB: c33f9161 ConstDB: 0 ShapeSum: 2c114756 RouteDB: 0

Phase 1 Build RT Design
