#-----------------------------------------------------------
# Vivado v2020.1 (64-bit)
# SW Build 2902540 on Wed May 27 19:54:49 MDT 2020
# IP Build 2902112 on Wed May 27 22:43:36 MDT 2020
# Start of session at: Wed Nov 16 23:06:29 2022
# Process ID: 7484
# Current directory: C:/Users/ps/VGA_wali_lab11
# Command line: vivado.exe -gui_launcher_event rodinguilauncherevent4408 C:\Users\ps\VGA_wali_lab11\VGA_wali_lab11.xpr
# Log file: C:/Users/ps/VGA_wali_lab11/vivado.log
# Journal file: C:/Users/ps/VGA_wali_lab11\vivado.jou
#-----------------------------------------------------------
start_gui
oopen_project C:/Users/ps/VGA_wali_lab11/VGA_wali_lab11.xprSScanning sources...
Finished scanning sourcesIINFO: [IP_Flow 19-234] Refreshing IP repositories
INFO: [IP_Flow 19-1704] No user IP repositories specifiedIINFO: [IP_Flow 19-2313] Loaded Vivado IP repository 'C:/Xilinx/Vivado/2020.1/data/ip'.oopen_project: Time (s): cpu = 00:00:41 ; elapsed = 00:00:35 . Memory (MB): peak = 1015.434 ; gain = 0.000uupdate_compile_order -fileset sources_1eupdate_compile_order -fileset sources_1
update_compile_order -fileset sources_1
exit
INFO: [Common 17-206] Exiting Vivado at Thu Nov 17 05:11:50 2022...
date_compile_order -fileset sources_1
exit
INFO: [Common 17-206] Exiting Vivado at Wed Nov 16 23:08:50 2022...
